Copyright 1986-2020 Xilinx, Inc. All Rights Reserved.
------------------------------------------------------------------------------------
| Tool Version : Vivado v.2020.2 (lin64) Build 3064766 Wed Nov 18 09:12:47 MST 2020
| Date         : Thu Jan  8 13:34:38 2026
| Host         : goblin-virtual-machine running 64-bit Ubuntu 22.04.5 LTS
| Command      : report_clock_utilization -file top_clock_utilization.rpt
| Design       : top
| Device       : 7z010-clg400
| Speed File   : -1  PRODUCTION 1.12 2019-11-22
| Design State : Physopt postPlace
------------------------------------------------------------------------------------

Clock Utilization Report

Table of Contents
-----------------
1. Clock Primitive Utilization
2. Global Clock Resources
3. Global Clock Source Details
4. Local Clock Details
5. Clock Regions: Key Resource Utilization
6. Clock Regions : Global Clock Summary
7. Device Cell Placement Summary for Global Clock g0
8. Device Cell Placement Summary for Global Clock g1
9. Device Cell Placement Summary for Global Clock g2
10. Device Cell Placement Summary for Global Clock g3
11. Device Cell Placement Summary for Global Clock g4
12. Clock Region Cell Placement per Global Clock: Region X0Y0
13. Clock Region Cell Placement per Global Clock: Region X1Y0
14. Clock Region Cell Placement per Global Clock: Region X0Y1
15. Clock Region Cell Placement per Global Clock: Region X1Y1

1. Clock Primitive Utilization
------------------------------

+----------+------+-----------+-----+--------------+--------+
| Type     | Used | Available | LOC | Clock Region | Pblock |
+----------+------+-----------+-----+--------------+--------+
| BUFGCTRL |    5 |        32 |   0 |            0 |      0 |
| BUFH     |    0 |        48 |   0 |            0 |      0 |
| BUFIO    |    0 |         8 |   0 |            0 |      0 |
| BUFMR    |    0 |         4 |   0 |            0 |      0 |
| BUFR     |    0 |         8 |   0 |            0 |      0 |
| MMCM     |    0 |         2 |   0 |            0 |      0 |
| PLL      |    1 |         2 |   0 |            0 |      0 |
+----------+------+-----------+-----+--------------+--------+


2. Global Clock Resources
-------------------------

+-----------+-----------+-----------------+------------+---------------+--------------+-------------------+-------------+-----------------+--------------+------------+------------------------------------------------------------------------+----------------------------------------------+
| Global Id | Source Id | Driver Type/Pin | Constraint | Site          | Clock Region | Load Clock Region | Clock Loads | Non-Clock Loads | Clock Period | Clock      | Driver Pin                                                             | Net                                          |
+-----------+-----------+-----------------+------------+---------------+--------------+-------------------+-------------+-----------------+--------------+------------+------------------------------------------------------------------------+----------------------------------------------+
| g0        | src0      | BUFG/O          | None       | BUFGCTRL_X0Y0 | n/a          |                 4 |       10619 |               0 |        8.000 | clk_2      | BUFG_4/O                                                               | sys_clk                                      |
| g1        | src1      | BUFG/O          | None       | BUFGCTRL_X0Y1 | n/a          |                 4 |         244 |               0 |        8.000 | clk_fpga_0 | system_processing_system7_0_0/inst/buffer_fclk_clk_0.FCLK_CLK_0_BUFG/O | system_processing_system7_0_0/inst/FCLK_CLK0 |
| g2        | src2      | BUFG/O          | None       | BUFGCTRL_X0Y2 | n/a          |                 1 |          50 |               0 |        4.000 | clk_1      | BUFG_3/O                                                               | sys_double_clk                               |
| g3        | src3      | BUFG/O          | None       | BUFGCTRL_X0Y3 | n/a          |                 1 |           1 |               0 |        8.000 | clk125_p   | BUFG/O                                                                 | clk_adcb                                     |
| g4        | src4      | BUFG/O          | None       | BUFGCTRL_X0Y4 | n/a          |                 1 |           1 |               0 |        8.000 | clk_fb     | BUFG_1/O                                                               | clk_fbb                                      |
+-----------+-----------+-----------------+------------+---------------+--------------+-------------------+-------------+-----------------+--------------+------------+------------------------------------------------------------------------+----------------------------------------------+
* Clock Loads column represents the clock pin loads (pin count)
** Non-Clock Loads column represents the non-clock pin loads (pin count)


3. Global Clock Source Details
------------------------------

+-----------+-----------+--------------------+------------+----------------+--------------+-------------+-----------------+---------------------+--------------+-----------------------------------------------------+-----------------------------------------------------------+
| Source Id | Global Id | Driver Type/Pin    | Constraint | Site           | Clock Region | Clock Loads | Non-Clock Loads | Source Clock Period | Source Clock | Driver Pin                                          | Net                                                       |
+-----------+-----------+--------------------+------------+----------------+--------------+-------------+-----------------+---------------------+--------------+-----------------------------------------------------+-----------------------------------------------------------+
| src0      | g0        | PLLE2_ADV/CLKOUT2  | None       | PLLE2_ADV_X0Y0 | X1Y0         |           1 |               0 |               8.000 | clk_2        | PLLE2_BASE/CLKOUT2                                  | clk_2                                                     |
| src1      | g1        | PS7/FCLKCLK[0]     | PS7_X0Y0   | PS7_X0Y0       | X0Y1         |           1 |               0 |               8.000 | clk_fpga_0   | system_processing_system7_0_0/inst/PS7_i/FCLKCLK[0] | system_processing_system7_0_0/inst/FCLK_CLK_unbuffered[0] |
| src2      | g2        | PLLE2_ADV/CLKOUT1  | None       | PLLE2_ADV_X0Y0 | X1Y0         |           1 |               0 |               4.000 | clk_1        | PLLE2_BASE/CLKOUT1                                  | clk_1                                                     |
| src3      | g3        | IBUFDS/O           | IOB_X0Y26  | IOB_X0Y26      | X1Y0         |           1 |               0 |               8.000 | clk125_p     | IBUFGDS/O                                           | clk_adci                                                  |
| src4      | g4        | PLLE2_ADV/CLKFBOUT | None       | PLLE2_ADV_X0Y0 | X1Y0         |           1 |               0 |               8.000 | clk_fb       | PLLE2_BASE/CLKFBOUT                                 | clk_fb                                                    |
+-----------+-----------+--------------------+------------+----------------+--------------+-------------+-----------------+---------------------+--------------+-----------------------------------------------------+-----------------------------------------------------------+
* Clock Loads column represents the clock pin loads (pin count)
** Non-Clock Loads column represents the non-clock pin loads (pin count)


4. Local Clock Details
----------------------

+----------+-----------------+------------+-----------------+--------------+-------------+-----------------+--------------+-------+-------------------------+-----------------------+
| Local Id | Driver Type/Pin | Constraint | Site/BEL        | Clock Region | Clock Loads | Non-Clock Loads | Clock Period | Clock | Driver Pin              | Net                   |
+----------+-----------------+------------+-----------------+--------------+-------------+-----------------+--------------+-------+-------------------------+-----------------------||
| 0        | FDRE/Q          | None       | SLICE_X0Y70/BFF | X0Y1         |           1 |               8 |              |       | linien_dna_cnt_reg[0]/Q | linien_dna_cnt_reg[0] - Static -
+----------+-----------------+------------+-----------------+--------------+-------------+-----------------+--------------+-------+-------------------------+-----------------------||
* Local Clocks in this context represents only clocks driven by non-global buffers
** Clock Loads column represents the clock pin loads (pin count)
*** Non-Clock Loads column represents the non-clock pin loads (pin count)


5. Clock Regions: Key Resource Utilization
------------------------------------------

+-------------------+--------------+--------------+--------------+--------------+--------------+--------------+--------------+--------------+--------------+--------------+--------------+--------------+--------------+--------------+--------------+
|                   | Global Clock |     BUFRs    |    BUFMRs    |    BUFIOs    |     MMCM     |      PLL     |      GT      |      PCI     |    ILOGIC    |    OLOGIC    |      FF      |     LUTM     |    RAMB18    |    RAMB36    |    DSP48E2   |
+-------------------+------+-------+------+-------+------+-------+------+-------+------+-------+------+-------+------+-------+------+-------+------+-------+------+-------+------+-------+------+-------+------+-------+------+-------+------+-------+
| Clock Region Name | Used | Avail | Used | Avail | Used | Avail | Used | Avail | Used | Avail | Used | Avail | Used | Avail | Used | Avail | Used | Avail | Used | Avail | Used | Avail | Used | Avail | Used | Avail | Used | Avail | Used | Avail |
+-------------------+------+-------+------+-------+------+-------+------+-------+------+-------+------+-------+------+-------+------+-------+------+-------+------+-------+------+-------+------+-------+------+-------+------+-------+------+-------+
| X0Y0              |    2 |    12 |    0 |     0 |    0 |     0 |    0 |     0 |    0 |     0 |    0 |     0 |    0 |     0 |    0 |     0 |    0 |     0 |    0 |     0 | 2875 |  1100 | 1053 |   400 |    0 |    20 |    8 |    10 |   20 |    20 |
| X1Y0              |    4 |    12 |    0 |     4 |    0 |     2 |    0 |     4 |    0 |     1 |    1 |     1 |    0 |     0 |    0 |     0 |    0 |    50 |    0 |    50 | 2560 |  1100 |  832 |   350 |    0 |    40 |   11 |    20 |   18 |    20 |
| X0Y1              |    2 |    12 |    0 |     0 |    0 |     0 |    0 |     0 |    0 |     0 |    0 |     0 |    0 |     0 |    0 |     0 |    0 |     0 |    0 |     0 | 2721 |  1100 | 1087 |   400 |    0 |    20 |    4 |    10 |   15 |    20 |
| X1Y1              |    3 |    12 |    0 |     4 |    0 |     2 |    0 |     4 |    0 |     1 |    0 |     1 |    0 |     0 |    0 |     0 |    0 |    50 |   17 |    50 | 2594 |  1100 |  796 |   350 |    0 |    40 |    5 |    20 |   12 |    20 |
+-------------------+------+-------+------+-------+------+-------+------+-------+------+-------+------+-------+------+-------+------+-------+------+-------+------+-------+------+-------+------+-------+------+-------+------+-------+------+-------+
* Global Clock column represents track count; while other columns represents cell counts


6. Clock Regions : Global Clock Summary
---------------------------------------

All Modules
+----+----+----+
|    | X0 | X1 |
+----+----+----+
| Y1 |  2 |  3 |
| Y0 |  2 |  4 |
+----+----+----+


7. Device Cell Placement Summary for Global Clock g0
----------------------------------------------------

+-----------+-----------------+-------------------+-------+-------------+---------------+-------------+----------+----------------+----------+---------+
| Global Id | Driver Type/Pin | Driver Region (D) | Clock | Period (ns) | Waveform (ns) | Slice Loads | IO Loads | Clocking Loads | GT Loads | Net     |
+-----------+-----------------+-------------------+-------+-------------+---------------+-------------+----------+----------------+----------+---------+
| g0        | BUFG/O          | n/a               | clk_2 |       8.000 | {0.000 4.000} |       10591 |        0 |              0 |        0 | sys_clk |
+-----------+-----------------+-------------------+-------+-------------+---------------+-------------+----------+----------------+----------+---------+
* Slice Loads column represents load cell count of all cell types other than IO, GT and clock resources
** IO Loads column represents load cell count of IO types
*** Clocking Loads column represents load cell count that are clock resources (global clock buffer, MMCM, PLL, etc)
**** GT Loads column represents load cell count of GT types


+----+-------+-------+-----------------------+
|    | X0    | X1    | HORIZONTAL PROG DELAY |
+----+-------+-------+-----------------------+
| Y1 |  2721 |  2585 |                     0 |
| Y0 |  2703 |  2582 |                     0 |
+----+-------+-------+-----------------------+


8. Device Cell Placement Summary for Global Clock g1
----------------------------------------------------

+-----------+-----------------+-------------------+------------+-------------+---------------+-------------+----------+----------------+----------+----------------------------------------------+
| Global Id | Driver Type/Pin | Driver Region (D) | Clock      | Period (ns) | Waveform (ns) | Slice Loads | IO Loads | Clocking Loads | GT Loads | Net                                          |
+-----------+-----------------+-------------------+------------+-------------+---------------+-------------+----------+----------------+----------+----------------------------------------------+
| g1        | BUFG/O          | n/a               | clk_fpga_0 |       8.000 | {0.000 4.000} |         244 |        0 |              0 |        0 | system_processing_system7_0_0/inst/FCLK_CLK0 |
+-----------+-----------------+-------------------+------------+-------------+---------------+-------------+----------+----------------+----------+----------------------------------------------+
* Slice Loads column represents load cell count of all cell types other than IO, GT and clock resources
** IO Loads column represents load cell count of IO types
*** Clocking Loads column represents load cell count that are clock resources (global clock buffer, MMCM, PLL, etc)
**** GT Loads column represents load cell count of GT types


+----+------+----+-----------------------+
|    | X0   | X1 | HORIZONTAL PROG DELAY |
+----+------+----+-----------------------+
| Y1 |   36 |  1 |                     0 |
| Y0 |  200 |  7 |                     0 |
+----+------+----+-----------------------+


9. Device Cell Placement Summary for Global Clock g2
----------------------------------------------------

+-----------+-----------------+-------------------+-------+-------------+---------------+-------------+----------+----------------+----------+----------------+
| Global Id | Driver Type/Pin | Driver Region (D) | Clock | Period (ns) | Waveform (ns) | Slice Loads | IO Loads | Clocking Loads | GT Loads | Net            |
+-----------+-----------------+-------------------+-------+-------------+---------------+-------------+----------+----------------+----------+----------------+
| g2        | BUFG/O          | n/a               | clk_1 |       4.000 | {0.000 2.000} |          50 |        0 |              0 |        0 | sys_double_clk |
+-----------+-----------------+-------------------+-------+-------------+---------------+-------------+----------+----------------+----------+----------------+
* Slice Loads column represents load cell count of all cell types other than IO, GT and clock resources
** IO Loads column represents load cell count of IO types
*** Clocking Loads column represents load cell count that are clock resources (global clock buffer, MMCM, PLL, etc)
**** GT Loads column represents load cell count of GT types


+----+----+-----+-----------------------+
|    | X0 | X1  | HORIZONTAL PROG DELAY |
+----+----+-----+-----------------------+
| Y1 |  0 |  50 |                     0 |
| Y0 |  0 |   0 |                     0 |
+----+----+-----+-----------------------+


10. Device Cell Placement Summary for Global Clock g3
-----------------------------------------------------

+-----------+-----------------+-------------------+----------+-------------+---------------+-------------+----------+----------------+----------+----------+
| Global Id | Driver Type/Pin | Driver Region (D) | Clock    | Period (ns) | Waveform (ns) | Slice Loads | IO Loads | Clocking Loads | GT Loads | Net      |
+-----------+-----------------+-------------------+----------+-------------+---------------+-------------+----------+----------------+----------+----------+
| g3        | BUFG/O          | n/a               | clk125_p |       8.000 | {0.000 4.000} |           0 |        0 |              1 |        0 | clk_adcb |
+-----------+-----------------+-------------------+----------+-------------+---------------+-------------+----------+----------------+----------+----------+
* Slice Loads column represents load cell count of all cell types other than IO, GT and clock resources
** IO Loads column represents load cell count of IO types
*** Clocking Loads column represents load cell count that are clock resources (global clock buffer, MMCM, PLL, etc)
**** GT Loads column represents load cell count of GT types


+----+----+----+-----------------------+
|    | X0 | X1 | HORIZONTAL PROG DELAY |
+----+----+----+-----------------------+
| Y1 |  0 |  0 |                     0 |
| Y0 |  0 |  1 |                     0 |
+----+----+----+-----------------------+


11. Device Cell Placement Summary for Global Clock g4
-----------------------------------------------------

+-----------+-----------------+-------------------+--------+-------------+---------------+-------------+----------+----------------+----------+---------+
| Global Id | Driver Type/Pin | Driver Region (D) | Clock  | Period (ns) | Waveform (ns) | Slice Loads | IO Loads | Clocking Loads | GT Loads | Net     |
+-----------+-----------------+-------------------+--------+-------------+---------------+-------------+----------+----------------+----------+---------+
| g4        | BUFG/O          | n/a               | clk_fb |       8.000 | {0.000 4.000} |           0 |        0 |              1 |        0 | clk_fbb |
+-----------+-----------------+-------------------+--------+-------------+---------------+-------------+----------+----------------+----------+---------+
* Slice Loads column represents load cell count of all cell types other than IO, GT and clock resources
** IO Loads column represents load cell count of IO types
*** Clocking Loads column represents load cell count that are clock resources (global clock buffer, MMCM, PLL, etc)
**** GT Loads column represents load cell count of GT types


+----+----+----+-----------------------+
|    | X0 | X1 | HORIZONTAL PROG DELAY |
+----+----+----+-----------------------+
| Y1 |  0 |  0 |                     0 |
| Y0 |  0 |  1 |                     0 |
+----+----+----+-----------------------+


12. Clock Region Cell Placement per Global Clock: Region X0Y0
-------------------------------------------------------------

+-----------+-------+-----------------+------------+-------------+-----------------+------+--------+------+-----+----+------+-----+---------+----------------------------------------------+
| Global Id | Track | Driver Type/Pin | Constraint | Clock Loads | Non-Clock Loads | FF   | LUTRAM | RAMB | DSP | GT | MMCM | PLL | Hard IP | Net                                          |
+-----------+-------+-----------------+------------+-------------+-----------------+------+--------+------+-----+----+------+-----+---------+----------------------------------------------+
| g0        | n/a   | BUFG/O          | None       |        2703 |               0 | 2675 |      0 |    8 |  20 |  0 |    0 |   0 |       0 | sys_clk                                      |
| g1        | n/a   | BUFG/O          | None       |         200 |               0 |  200 |      0 |    0 |   0 |  0 |    0 |   0 |       0 | system_processing_system7_0_0/inst/FCLK_CLK0 |
+-----------+-------+-----------------+------------+-------------+-----------------+------+--------+------+-----+----+------+-----+---------+----------------------------------------------+
* Clock Loads column represents the clock pin loads (pin count)
** Non-Clock Loads column represents the non-clock pin loads (pin count)
*** Columns FF, LUTRAM, RAMB through 'Hard IP' represents load cell counts


13. Clock Region Cell Placement per Global Clock: Region X1Y0
-------------------------------------------------------------

+-----------+-------+-----------------+------------+-------------+-----------------+------+--------+------+-----+----+------+-----+---------+----------------------------------------------+
| Global Id | Track | Driver Type/Pin | Constraint | Clock Loads | Non-Clock Loads | FF   | LUTRAM | RAMB | DSP | GT | MMCM | PLL | Hard IP | Net                                          |
+-----------+-------+-----------------+------------+-------------+-----------------+------+--------+------+-----+----+------+-----+---------+----------------------------------------------+
| g0        | n/a   | BUFG/O          | None       |        2582 |               0 | 2553 |      0 |   11 |  18 |  0 |    0 |   0 |       0 | sys_clk                                      |
| g1        | n/a   | BUFG/O          | None       |           7 |               0 |    7 |      0 |    0 |   0 |  0 |    0 |   0 |       0 | system_processing_system7_0_0/inst/FCLK_CLK0 |
| g3        | n/a   | BUFG/O          | None       |           1 |               0 |    0 |      0 |    0 |   0 |  0 |    0 |   1 |       0 | clk_adcb                                     |
| g4        | n/a   | BUFG/O          | None       |           1 |               0 |    0 |      0 |    0 |   0 |  0 |    0 |   1 |       0 | clk_fbb                                      |
+-----------+-------+-----------------+------------+-------------+-----------------+------+--------+------+-----+----+------+-----+---------+----------------------------------------------+
* Clock Loads column represents the clock pin loads (pin count)
** Non-Clock Loads column represents the non-clock pin loads (pin count)
*** Columns FF, LUTRAM, RAMB through 'Hard IP' represents load cell counts


14. Clock Region Cell Placement per Global Clock: Region X0Y1
-------------------------------------------------------------

+-----------+-------+-----------------+------------+-------------+-----------------+------+--------+------+-----+----+------+-----+---------+----------------------------------------------+
| Global Id | Track | Driver Type/Pin | Constraint | Clock Loads | Non-Clock Loads | FF   | LUTRAM | RAMB | DSP | GT | MMCM | PLL | Hard IP | Net                                          |
+-----------+-------+-----------------+------------+-------------+-----------------+------+--------+------+-----+----+------+-----+---------+----------------------------------------------+
| g0        | n/a   | BUFG/O          | None       |        2721 |               0 | 2686 |     15 |    4 |  15 |  0 |    0 |   0 |       0 | sys_clk                                      |
| g1        | n/a   | BUFG/O          | None       |          36 |               0 |   35 |      0 |    0 |   0 |  0 |    0 |   0 |       0 | system_processing_system7_0_0/inst/FCLK_CLK0 |
+-----------+-------+-----------------+------------+-------------+-----------------+------+--------+------+-----+----+------+-----+---------+----------------------------------------------+
* Clock Loads column represents the clock pin loads (pin count)
** Non-Clock Loads column represents the non-clock pin loads (pin count)
*** Columns FF, LUTRAM, RAMB through 'Hard IP' represents load cell counts


15. Clock Region Cell Placement per Global Clock: Region X1Y1
-------------------------------------------------------------

+-----------+-------+-----------------+------------+-------------+-----------------+------+--------+------+-----+----+------+-----+---------+----------------------------------------------+
| Global Id | Track | Driver Type/Pin | Constraint | Clock Loads | Non-Clock Loads | FF   | LUTRAM | RAMB | DSP | GT | MMCM | PLL | Hard IP | Net                                          |
+-----------+-------+-----------------+------------+-------------+-----------------+------+--------+------+-----+----+------+-----+---------+----------------------------------------------+
| g0        | n/a   | BUFG/O          | None       |        2585 |               0 | 2545 |      7 |    5 |  12 |  0 |    0 |   0 |       0 | sys_clk                                      |
| g1        | n/a   | BUFG/O          | None       |           1 |               0 |    1 |      0 |    0 |   0 |  0 |    0 |   0 |       0 | system_processing_system7_0_0/inst/FCLK_CLK0 |
| g2        | n/a   | BUFG/O          | None       |          50 |               0 |   48 |      0 |    0 |   0 |  0 |    0 |   0 |       0 | sys_double_clk                               |
+-----------+-------+-----------------+------------+-------------+-----------------+------+--------+------+-----+----+------+-----+---------+----------------------------------------------+
* Clock Loads column represents the clock pin loads (pin count)
** Non-Clock Loads column represents the non-clock pin loads (pin count)
*** Columns FF, LUTRAM, RAMB through 'Hard IP' represents load cell counts



# Location of BUFG Primitives 
set_property LOC BUFGCTRL_X0Y1 [get_cells system_processing_system7_0_0/inst/buffer_fclk_clk_0.FCLK_CLK_0_BUFG]
set_property LOC BUFGCTRL_X0Y2 [get_cells BUFG_3]
set_property LOC BUFGCTRL_X0Y0 [get_cells BUFG_4]
set_property LOC BUFGCTRL_X0Y4 [get_cells BUFG_1]
set_property LOC BUFGCTRL_X0Y3 [get_cells BUFG]

# Location of IO Primitives which is load of clock spine

# Location of clock ports
set_property LOC IOB_X0Y25 [get_ports clk125_n]
set_property LOC IOB_X0Y26 [get_ports clk125_p]

# Clock net "system_processing_system7_0_0/inst/FCLK_CLK0" driven by instance "system_processing_system7_0_0/inst/buffer_fclk_clk_0.FCLK_CLK_0_BUFG" located at site "BUFGCTRL_X0Y1"
#startgroup
create_pblock {CLKAG_system_processing_system7_0_0/inst/FCLK_CLK0}
add_cells_to_pblock [get_pblocks  {CLKAG_system_processing_system7_0_0/inst/FCLK_CLK0}] [get_cells -filter { PRIMITIVE_GROUP != I/O && IS_PRIMITIVE==1 && PRIMITIVE_LEVEL !=INTERNAL } -of_object [get_pins -filter {DIRECTION==IN} -of_objects [get_nets -hierarchical -filter {PARENT=="system_processing_system7_0_0/inst/FCLK_CLK0"}]]]
resize_pblock [get_pblocks {CLKAG_system_processing_system7_0_0/inst/FCLK_CLK0}] -add {CLOCKREGION_X0Y0:CLOCKREGION_X0Y0 CLOCKREGION_X0Y1:CLOCKREGION_X0Y1 CLOCKREGION_X1Y0:CLOCKREGION_X1Y0 CLOCKREGION_X1Y1:CLOCKREGION_X1Y1}
#endgroup

# Clock net "sys_double_clk" driven by instance "BUFG_3" located at site "BUFGCTRL_X0Y2"
#startgroup
create_pblock {CLKAG_sys_double_clk}
add_cells_to_pblock [get_pblocks  {CLKAG_sys_double_clk}] [get_cells -filter { PRIMITIVE_GROUP != I/O && IS_PRIMITIVE==1 && PRIMITIVE_LEVEL !=INTERNAL } -of_object [get_pins -filter {DIRECTION==IN} -of_objects [get_nets -hierarchical -filter {PARENT=="sys_double_clk"}]]]
resize_pblock [get_pblocks {CLKAG_sys_double_clk}] -add {CLOCKREGION_X1Y1:CLOCKREGION_X1Y1}
#endgroup

# Clock net "sys_clk" driven by instance "BUFG_4" located at site "BUFGCTRL_X0Y0"
#startgroup
create_pblock {CLKAG_sys_clk}
add_cells_to_pblock [get_pblocks  {CLKAG_sys_clk}] [get_cells -filter { PRIMITIVE_GROUP != I/O && IS_PRIMITIVE==1 && PRIMITIVE_LEVEL !=INTERNAL } -of_object [get_pins -filter {DIRECTION==IN} -of_objects [get_nets -hierarchical -filter {PARENT=="sys_clk"}]]]
resize_pblock [get_pblocks {CLKAG_sys_clk}] -add {CLOCKREGION_X0Y0:CLOCKREGION_X0Y0 CLOCKREGION_X0Y1:CLOCKREGION_X0Y1 CLOCKREGION_X1Y0:CLOCKREGION_X1Y0 CLOCKREGION_X1Y1:CLOCKREGION_X1Y1}
#endgroup
